<?xml version="1.0" encoding="UTF-8"?>
<!-- Generated by org.testng.reporters.JUnitReportReporter -->
<testsuite hostname="MohammedFerozAli" failures="0" tests="1" name="com.vz.test.AccessoryBatteries" time="41.053" errors="0" timestamp="2021-05-11T21:14:19 IST" skipped="0">
  <testcase classname="com.vz.test.AccessoryBatteries" name="NavigationToChargers" time="41.053"/>
  <system-out/>
</testsuite> <!-- com.vz.test.AccessoryBatteries -->
